#
# A fatal error has been detected by the Java Runtime Environment:
#
#  EXCEPTION_ACCESS_VIOLATION (0xc0000005) at pc=0x00007ffd4d368be9, pid=1716, tid=14500
#
# JRE version: OpenJDK Runtime Environment (17.0.2+8) (build 17.0.2+8-86)
# Java VM: OpenJDK 64-Bit Server VM (17.0.2+8-86, mixed mode, sharing, tiered, compressed oops, compressed class ptrs, g1 gc, windows-amd64)
# Problematic frame:
# C  [nvoglv64.dll+0xcb8be9]
#
# No core dump will be written. Minidumps are not enabled by default on client versions of Windows
#
# If you would like to submit a bug report, please visit:
#   https://bugreport.java.com/bugreport/crash.jsp
# The crash happened outside the Java Virtual Machine in native code.
# See problematic frame for where to report the bug.
#

---------------  S U M M A R Y ------------

Command Line: -Dfile.encoding=windows-1251 -Duser.country=RU -Duser.language=ru -Duser.variant task3.test.Main

Host: AMD Ryzen 5 1600 Six-Core Processor            , 12 cores, 15G,  Windows 10 , 64 bit Build 19041 (10.0.19041.1566)
Time: Sun Mar 27 00:38:57 2022 RTZ 2 (s 10 , 64 bit Build 19041 (10.0.19041.1566) elapsed time: 0.731546 seconds (0d 0h 0m 0s)

---------------  T H R E A D  ---------------

Current thread (0x0000016603854310):  JavaThread "main" [_thread_in_native, id=14500, stack(0x0000000100600000,0x0000000100700000)]

Stack: [0x0000000100600000,0x0000000100700000],  sp=0x00000001006ff3a0,  free space=1020k
Native frames: (J=compiled Java code, j=interpreted, Vv=VM code, C=native code)
C  [nvoglv64.dll+0xcb8be9]

Java frames: (J=compiled Java code, j=interpreted, Vv=VM code)
j  org.lwjgl.opengl.GL11C.nglDrawElements(IIIJ)V+0
j  org.lwjgl.opengl.GL11C.glDrawElements(IIIJ)V+4
j  org.lwjgl.opengl.GL11.glDrawElements(IIIJ)V+4
j  task3.test.Launcher.update()V+201
j  task3.test.Launcher.init()V+27
j  task3.test.Launcher.run()V+1
j  task3.test.Main.main([Ljava/lang/String;)V+7
v  ~StubRoutines::call_stub

siginfo: EXCEPTION_ACCESS_VIOLATION (0xc0000005), reading address 0x000000000000004c


Register to memory mapping:

RIP=0x00007ffd4d368be9 nvoglv64.dll
RAX=0x0000001464d30dd3 is an unknown value
RBX=0x0000000000000001 is an unknown value
RCX=0x0 is NULL
RDX=0x000000cbf03e8a3e is an unknown value
RSP=0x00000001006ff3a0 is pointing into the stack for thread: 0x0000016603854310
RBP=0x0000000000000014 is an unknown value
RSI=0x0000000000000014 is an unknown value
RDI=0x0000000000001405 is an unknown value
R8 =0x0000000000002204 is an unknown value
R9 =0x0 is NULL
R10=0x00000000546c6148 is an unknown value
R11=0x0000004b19a13b5c is an unknown value
R12=0x0000000000000004 is an unknown value
R13=0x0000016628a73080 points into unknown readable memory: 0x0000000000000000 | 00 00 00 00 00 00 00 00
R14=0x0 is NULL
R15=0x0000016628a753a8 points into unknown readable memory: 0x0000000100000004 | 04 00 00 00 01 00 00 00


Registers:
RAX=0x0000001464d30dd3, RBX=0x0000000000000001, RCX=0x0000000000000000, RDX=0x000000cbf03e8a3e
RSP=0x00000001006ff3a0, RBP=0x0000000000000014, RSI=0x0000000000000014, RDI=0x0000000000001405
R8 =0x0000000000002204, R9 =0x0000000000000000, R10=0x00000000546c6148, R11=0x0000004b19a13b5c
R12=0x0000000000000004, R13=0x0000016628a73080, R14=0x0000000000000000, R15=0x0000016628a753a8
RIP=0x00007ffd4d368be9, EFLAGS=0x0000000000010246

Top of Stack: (sp=0x00000001006ff3a0)
0x00000001006ff3a0:   0000000000000001 00000000000000b8
0x00000001006ff3b0:   00000001006ff4c0 00007ffd659ced13
0x00000001006ff3c0:   0000016603854310 0000000000000001
0x00000001006ff3d0:   0000000000000000 0000000000000007
0x00000001006ff3e0:   000000000000000d 0000016627203d30
0x00000001006ff3f0:   0000016628a753a8 00007ffd65c67324
0x00000001006ff400:   00000166274a4600 0000016626a2d950
0x00000001006ff410:   00000001006ff6c0 0000000000000000
0x00000001006ff420:   00000001006ff5c0 0000000000001405
0x00000001006ff430:   0000000000000004 0000016628a73080
0x00000001006ff440:   0000000000000014 00000001006ff580
0x00000001006ff450:   0000000000000000 00007ffd4cfc75d6
0x00000001006ff460:   000001660b0a94fe 0000016600000004
0x00000001006ff470:   0000000100000000 00007ffd00000000
0x00000001006ff480:   0000000000000050 0000000000001405
0x00000001006ff490:   0000000000000000 0000016600000000 

Instructions: (pc=0x00007ffd4d368be9)
0x00007ffd4d368ae9:   57 48 83 ec 78 4c 8b b9 f8 02 00 00 4c 8b e9 48
0x00007ffd4d368af9:   63 ac 24 e0 00 00 00 44 8b c2 8b bc 24 e8 00 00
0x00007ffd4d368b09:   00 8b d5 4c 8b b4 24 f0 00 00 00 8b cf 45 8b 57
0x00007ffd4d368b19:   14 41 8b 47 18 41 f7 d2 45 23 57 0c 41 0b c2 d1
0x00007ffd4d368b29:   e9 83 e1 03 4c 89 7c 24 50 d3 e2 f7 d0 41 23 47
0x00007ffd4d368b39:   10 41 80 7f 1e 00 89 94 24 e0 00 00 00 0f 85 64
0x00007ffd4d368b49:   08 00 00 41 80 bd 4c ec 55 00 00 0f 85 56 08 00
0x00007ffd4d368b59:   00 85 ed 0f 8e 4e 08 00 00 41 83 f8 0e 0f 87 44
0x00007ffd4d368b69:   08 00 00 41 3b 95 68 ee 55 00 0f 8f 37 08 00 00
0x00007ffd4d368b79:   41 83 7f 08 00 0f 85 2c 08 00 00 41 80 7f 1d 00
0x00007ffd4d368b89:   0f 85 21 08 00 00 41 80 7f 1c 00 0f 85 16 08 00
0x00007ffd4d368b99:   00 41 80 bd 55 38 55 00 00 0f 85 08 08 00 00 41
0x00007ffd4d368ba9:   80 bd 5c 38 55 00 00 0f 85 fa 07 00 00 a9 00 00
0x00007ffd4d368bb9:   03 00 0f 85 ef 07 00 00 44 0b d0 45 85 57 20 0f
0x00007ffd4d368bc9:   85 e2 07 00 00 bb 01 00 00 00 49 8d 8d c0 ef 55
0x00007ffd4d368bd9:   00 8b d3 e8 1f 46 e7 ff 81 ff 05 14 00 00 75 18
0x00007ffd4d368be9:   41 8b 44 ae fc 4c 8d 65 ff 41 8b 0e 8b f8 3b c8
0x00007ffd4d368bf9:   0f 47 f9 0f 42 c1 eb 5b 81 ff 03 14 00 00 75 24
0x00007ffd4d368c09:   41 0f b7 4c 6e fe 4c 8d 65 ff 41 0f b7 16 0f b7
0x00007ffd4d368c19:   c1 66 3b d1 66 0f 47 c2 66 0f 42 ca 0f b7 f8 0f
0x00007ffd4d368c29:   b7 c1 eb 2f 81 ff 01 14 00 00 0f 85 77 07 00 00
0x00007ffd4d368c39:   42 0f b6 54 35 ff 4c 8d 65 ff 45 0f b6 06 8b ca
0x00007ffd4d368c49:   44 3a c2 41 0f 47 c8 0f b6 f9 8b ca 41 0f 42 c8
0x00007ffd4d368c59:   0f b6 c1 49 8b cf 8d 75 ff 2b f8 e8 47 0b 00 00
0x00007ffd4d368c69:   45 8b 57 78 41 8b c2 0f af c7 44 89 94 24 c0 00
0x00007ffd4d368c79:   00 00 41 3b 85 6c ee 55 00 0f 8f 21 07 00 00 8b
0x00007ffd4d368c89:   84 24 e8 00 00 00 0f 29 74 24 60 3d 05 14 00 00
0x00007ffd4d368c99:   0f 85 f6 00 00 00 45 8b 3e 41 8b ff 49 8d 56 04
0x00007ffd4d368ca9:   3b eb 0f 8e 70 03 00 00 83 fe 08 0f 82 b1 00 00
0x00007ffd4d368cb9:   00 83 3d 2f 29 07 02 02 0f 8c a4 00 00 00 81 e6
0x00007ffd4d368cc9:   07 00 00 80 7d 07 ff ce 83 ce f8 ff c6 66 41 0f
0x00007ffd4d368cd9:   6e cf 8b c5 66 0f 70 c9 00 2b c6 66 0f 6f d9 66 


Stack slot to memory mapping:
stack at sp + 0 slots: 0x0000000000000001 is an unknown value
stack at sp + 1 slots: 0x00000000000000b8 is an unknown value
stack at sp + 2 slots: 0x00000001006ff4c0 is pointing into the stack for thread: 0x0000016603854310
stack at sp + 3 slots: 0x00007ffd659ced13 jvm.dll
stack at sp + 4 slots: 0x0000016603854310 is a thread
stack at sp + 5 slots: 0x0000000000000001 is an unknown value
stack at sp + 6 slots: 0x0 is NULL
stack at sp + 7 slots: 0x0000000000000007 is an unknown value


---------------  P R O C E S S  ---------------

Threads class SMR info:
_java_thread_list=0x0000016627ec9160, length=13, elements={
0x0000016603854310, 0x00000166269e49b0, 0x00000166269e5820, 0x00000166269fd380,
0x00000166269ffe40, 0x0000016626a007f0, 0x0000016626a011a0, 0x0000016626a01f30,
0x0000016626a06f00, 0x0000016626a1d4a0, 0x000001662750fc70, 0x0000016627515780,
0x0000016627ec8b70
}

Java Threads: ( => current thread )
=>0x0000016603854310 JavaThread "main" [_thread_in_native, id=14500, stack(0x0000000100600000,0x0000000100700000)]
  0x00000166269e49b0 JavaThread "Reference Handler" daemon [_thread_blocked, id=21032, stack(0x0000000100d00000,0x0000000100e00000)]
  0x00000166269e5820 JavaThread "Finalizer" daemon [_thread_blocked, id=22524, stack(0x0000000100e00000,0x0000000100f00000)]
  0x00000166269fd380 JavaThread "Signal Dispatcher" daemon [_thread_blocked, id=8768, stack(0x0000000100f00000,0x0000000101000000)]
  0x00000166269ffe40 JavaThread "Attach Listener" daemon [_thread_blocked, id=23040, stack(0x0000000101000000,0x0000000101100000)]
  0x0000016626a007f0 JavaThread "Service Thread" daemon [_thread_blocked, id=20680, stack(0x0000000101100000,0x0000000101200000)]
  0x0000016626a011a0 JavaThread "Monitor Deflation Thread" daemon [_thread_blocked, id=18416, stack(0x0000000101200000,0x0000000101300000)]
  0x0000016626a01f30 JavaThread "C2 CompilerThread0" daemon [_thread_blocked, id=22340, stack(0x0000000101300000,0x0000000101400000)]
  0x0000016626a06f00 JavaThread "C1 CompilerThread0" daemon [_thread_blocked, id=21104, stack(0x0000000101400000,0x0000000101500000)]
  0x0000016626a1d4a0 JavaThread "Sweeper thread" daemon [_thread_blocked, id=23488, stack(0x0000000101500000,0x0000000101600000)]
  0x000001662750fc70 JavaThread "Notification Thread" daemon [_thread_blocked, id=22352, stack(0x0000000101600000,0x0000000101700000)]
  0x0000016627515780 JavaThread "Common-Cleaner" daemon [_thread_blocked, id=23520, stack(0x0000000101800000,0x0000000101900000)]
  0x0000016627ec8b70 JavaThread "C2 CompilerThread1" daemon [_thread_blocked, id=22068, stack(0x0000000101f00000,0x0000000102000000)]

Other Threads:
  0x00000166269ddda0 VMThread "VM Thread" [stack: 0x0000000100c00000,0x0000000100d00000] [id=17172]
  0x00000166038bce20 WatcherThread [stack: 0x0000000101700000,0x0000000101800000] [id=18184]
  0x00000166038a5070 GCTaskThread "GC Thread#0" [stack: 0x0000000100700000,0x0000000100800000] [id=21680]
  0x00000166038b5eb0 ConcurrentGCThread "G1 Main Marker" [stack: 0x0000000100800000,0x0000000100900000] [id=22872]
  0x00000166038b7060 ConcurrentGCThread "G1 Conc#0" [stack: 0x0000000100900000,0x0000000100a00000] [id=22668]
  0x000001660392e320 ConcurrentGCThread "G1 Refine#0" [stack: 0x0000000100a00000,0x0000000100b00000] [id=12008]
  0x00000166268980f0 ConcurrentGCThread "G1 Service" [stack: 0x0000000100b00000,0x0000000100c00000] [id=15024]

Threads with active compile tasks:

VM state: not at safepoint (normal execution)

VM Mutex/Monitor currently owned by a thread: None

Heap address: 0x0000000701000000, size: 4080 MB, Compressed Oops mode: Zero based, Oop shift amount: 3

CDS archive(s) mapped at: [0x0000000800000000-0x0000000800bc0000-0x0000000800bc0000), size 12320768, SharedBaseAddress: 0x0000000800000000, ArchiveRelocationMode: 0.
Compressed class space mapped at: 0x0000000800c00000-0x0000000840c00000, reserved size: 1073741824
Narrow klass base: 0x0000000800000000, Narrow klass shift: 0, Narrow klass range: 0x100000000

GC Precious Log:
 CPUs: 12 total, 12 available
 Memory: 16315M
 Large Page Support: Disabled
 NUMA Support: Disabled
 Compressed Oops: Enabled (Zero based)
 Heap Region Size: 2M
 Heap Min Capacity: 8M
 Heap Initial Capacity: 256M
 Heap Max Capacity: 4080M
 Pre-touch: Disabled
 Parallel Workers: 10
 Concurrent Workers: 3
 Concurrent Refinement Workers: 10
 Periodic GC: Disabled

Heap:
 garbage-first heap   total 262144K, used 8192K [0x0000000701000000, 0x0000000800000000)
  region size 2048K, 5 young (10240K), 0 survivors (0K)
 Metaspace       used 3541K, committed 3712K, reserved 1056768K
  class space    used 188K, committed 256K, reserved 1048576K

Heap Regions: E=young(eden), S=young(survivor), O=old, HS=humongous(starts), HC=humongous(continues), CS=collection set, F=free, OA=open archive, CA=closed archive, TAMS=top-at-mark-start (previous, next)
|   0|0x0000000701000000, 0x0000000701000000, 0x0000000701200000|  0%| F|  |TAMS 0x0000000701000000, 0x0000000701000000| Untracked 
|   1|0x0000000701200000, 0x0000000701200000, 0x0000000701400000|  0%| F|  |TAMS 0x0000000701200000, 0x0000000701200000| Untracked 
|   2|0x0000000701400000, 0x0000000701400000, 0x0000000701600000|  0%| F|  |TAMS 0x0000000701400000, 0x0000000701400000| Untracked 
|   3|0x0000000701600000, 0x0000000701600000, 0x0000000701800000|  0%| F|  |TAMS 0x0000000701600000, 0x0000000701600000| Untracked 
|   4|0x0000000701800000, 0x0000000701800000, 0x0000000701a00000|  0%| F|  |TAMS 0x0000000701800000, 0x0000000701800000| Untracked 
|   5|0x0000000701a00000, 0x0000000701a00000, 0x0000000701c00000|  0%| F|  |TAMS 0x0000000701a00000, 0x0000000701a00000| Untracked 
|   6|0x0000000701c00000, 0x0000000701c00000, 0x0000000701e00000|  0%| F|  |TAMS 0x0000000701c00000, 0x0000000701c00000| Untracked 
|   7|0x0000000701e00000, 0x0000000701e00000, 0x0000000702000000|  0%| F|  |TAMS 0x0000000701e00000, 0x0000000701e00000| Untracked 
|   8|0x0000000702000000, 0x0000000702000000, 0x0000000702200000|  0%| F|  |TAMS 0x0000000702000000, 0x0000000702000000| Untracked 
|   9|0x0000000702200000, 0x0000000702200000, 0x0000000702400000|  0%| F|  |TAMS 0x0000000702200000, 0x0000000702200000| Untracked 
|  10|0x0000000702400000, 0x0000000702400000, 0x0000000702600000|  0%| F|  |TAMS 0x0000000702400000, 0x0000000702400000| Untracked 
|  11|0x0000000702600000, 0x0000000702600000, 0x0000000702800000|  0%| F|  |TAMS 0x0000000702600000, 0x0000000702600000| Untracked 
|  12|0x0000000702800000, 0x0000000702800000, 0x0000000702a00000|  0%| F|  |TAMS 0x0000000702800000, 0x0000000702800000| Untracked 
|  13|0x0000000702a00000, 0x0000000702a00000, 0x0000000702c00000|  0%| F|  |TAMS 0x0000000702a00000, 0x0000000702a00000| Untracked 
|  14|0x0000000702c00000, 0x0000000702c00000, 0x0000000702e00000|  0%| F|  |TAMS 0x0000000702c00000, 0x0000000702c00000| Untracked 
|  15|0x0000000702e00000, 0x0000000702e00000, 0x0000000703000000|  0%| F|  |TAMS 0x0000000702e00000, 0x0000000702e00000| Untracked 
|  16|0x0000000703000000, 0x0000000703000000, 0x0000000703200000|  0%| F|  |TAMS 0x0000000703000000, 0x0000000703000000| Untracked 
|  17|0x0000000703200000, 0x0000000703200000, 0x0000000703400000|  0%| F|  |TAMS 0x0000000703200000, 0x0000000703200000| Untracked 
|  18|0x0000000703400000, 0x0000000703400000, 0x0000000703600000|  0%| F|  |TAMS 0x0000000703400000, 0x0000000703400000| Untracked 
|  19|0x0000000703600000, 0x0000000703600000, 0x0000000703800000|  0%| F|  |TAMS 0x0000000703600000, 0x0000000703600000| Untracked 
|  20|0x0000000703800000, 0x0000000703800000, 0x0000000703a00000|  0%| F|  |TAMS 0x0000000703800000, 0x0000000703800000| Untracked 
|  21|0x0000000703a00000, 0x0000000703a00000, 0x0000000703c00000|  0%| F|  |TAMS 0x0000000703a00000, 0x0000000703a00000| Untracked 
|  22|0x0000000703c00000, 0x0000000703c00000, 0x0000000703e00000|  0%| F|  |TAMS 0x0000000703c00000, 0x0000000703c00000| Untracked 
|  23|0x0000000703e00000, 0x0000000703e00000, 0x0000000704000000|  0%| F|  |TAMS 0x0000000703e00000, 0x0000000703e00000| Untracked 
|  24|0x0000000704000000, 0x0000000704000000, 0x0000000704200000|  0%| F|  |TAMS 0x0000000704000000, 0x0000000704000000| Untracked 
|  25|0x0000000704200000, 0x0000000704200000, 0x0000000704400000|  0%| F|  |TAMS 0x0000000704200000, 0x0000000704200000| Untracked 
|  26|0x0000000704400000, 0x0000000704400000, 0x0000000704600000|  0%| F|  |TAMS 0x0000000704400000, 0x0000000704400000| Untracked 
|  27|0x0000000704600000, 0x0000000704600000, 0x0000000704800000|  0%| F|  |TAMS 0x0000000704600000, 0x0000000704600000| Untracked 
|  28|0x0000000704800000, 0x0000000704800000, 0x0000000704a00000|  0%| F|  |TAMS 0x0000000704800000, 0x0000000704800000| Untracked 
|  29|0x0000000704a00000, 0x0000000704a00000, 0x0000000704c00000|  0%| F|  |TAMS 0x0000000704a00000, 0x0000000704a00000| Untracked 
|  30|0x0000000704c00000, 0x0000000704c00000, 0x0000000704e00000|  0%| F|  |TAMS 0x0000000704c00000, 0x0000000704c00000| Untracked 
|  31|0x0000000704e00000, 0x0000000704e00000, 0x0000000705000000|  0%| F|  |TAMS 0x0000000704e00000, 0x0000000704e00000| Untracked 
|  32|0x0000000705000000, 0x0000000705000000, 0x0000000705200000|  0%| F|  |TAMS 0x0000000705000000, 0x0000000705000000| Untracked 
|  33|0x0000000705200000, 0x0000000705200000, 0x0000000705400000|  0%| F|  |TAMS 0x0000000705200000, 0x0000000705200000| Untracked 
|  34|0x0000000705400000, 0x0000000705400000, 0x0000000705600000|  0%| F|  |TAMS 0x0000000705400000, 0x0000000705400000| Untracked 
|  35|0x0000000705600000, 0x0000000705600000, 0x0000000705800000|  0%| F|  |TAMS 0x0000000705600000, 0x0000000705600000| Untracked 
|  36|0x0000000705800000, 0x0000000705800000, 0x0000000705a00000|  0%| F|  |TAMS 0x0000000705800000, 0x0000000705800000| Untracked 
|  37|0x0000000705a00000, 0x0000000705a00000, 0x0000000705c00000|  0%| F|  |TAMS 0x0000000705a00000, 0x0000000705a00000| Untracked 
|  38|0x0000000705c00000, 0x0000000705c00000, 0x0000000705e00000|  0%| F|  |TAMS 0x0000000705c00000, 0x0000000705c00000| Untracked 
|  39|0x0000000705e00000, 0x0000000705e00000, 0x0000000706000000|  0%| F|  |TAMS 0x0000000705e00000, 0x0000000705e00000| Untracked 
|  40|0x0000000706000000, 0x0000000706000000, 0x0000000706200000|  0%| F|  |TAMS 0x0000000706000000, 0x0000000706000000| Untracked 
|  41|0x0000000706200000, 0x0000000706200000, 0x0000000706400000|  0%| F|  |TAMS 0x0000000706200000, 0x0000000706200000| Untracked 
|  42|0x0000000706400000, 0x0000000706400000, 0x0000000706600000|  0%| F|  |TAMS 0x0000000706400000, 0x0000000706400000| Untracked 
|  43|0x0000000706600000, 0x0000000706600000, 0x0000000706800000|  0%| F|  |TAMS 0x0000000706600000, 0x0000000706600000| Untracked 
|  44|0x0000000706800000, 0x0000000706800000, 0x0000000706a00000|  0%| F|  |TAMS 0x0000000706800000, 0x0000000706800000| Untracked 
|  45|0x0000000706a00000, 0x0000000706a00000, 0x0000000706c00000|  0%| F|  |TAMS 0x0000000706a00000, 0x0000000706a00000| Untracked 
|  46|0x0000000706c00000, 0x0000000706c00000, 0x0000000706e00000|  0%| F|  |TAMS 0x0000000706c00000, 0x0000000706c00000| Untracked 
|  47|0x0000000706e00000, 0x0000000706e00000, 0x0000000707000000|  0%| F|  |TAMS 0x0000000706e00000, 0x0000000706e00000| Untracked 
|  48|0x0000000707000000, 0x0000000707000000, 0x0000000707200000|  0%| F|  |TAMS 0x0000000707000000, 0x0000000707000000| Untracked 
|  49|0x0000000707200000, 0x0000000707200000, 0x0000000707400000|  0%| F|  |TAMS 0x0000000707200000, 0x0000000707200000| Untracked 
|  50|0x0000000707400000, 0x0000000707400000, 0x0000000707600000|  0%| F|  |TAMS 0x0000000707400000, 0x0000000707400000| Untracked 
|  51|0x0000000707600000, 0x0000000707600000, 0x0000000707800000|  0%| F|  |TAMS 0x0000000707600000, 0x0000000707600000| Untracked 
|  52|0x0000000707800000, 0x0000000707800000, 0x0000000707a00000|  0%| F|  |TAMS 0x0000000707800000, 0x0000000707800000| Untracked 
|  53|0x0000000707a00000, 0x0000000707a00000, 0x0000000707c00000|  0%| F|  |TAMS 0x0000000707a00000, 0x0000000707a00000| Untracked 
|  54|0x0000000707c00000, 0x0000000707c00000, 0x0000000707e00000|  0%| F|  |TAMS 0x0000000707c00000, 0x0000000707c00000| Untracked 
|  55|0x0000000707e00000, 0x0000000707e00000, 0x0000000708000000|  0%| F|  |TAMS 0x0000000707e00000, 0x0000000707e00000| Untracked 
|  56|0x0000000708000000, 0x0000000708000000, 0x0000000708200000|  0%| F|  |TAMS 0x0000000708000000, 0x0000000708000000| Untracked 
|  57|0x0000000708200000, 0x0000000708200000, 0x0000000708400000|  0%| F|  |TAMS 0x0000000708200000, 0x0000000708200000| Untracked 
|  58|0x0000000708400000, 0x0000000708400000, 0x0000000708600000|  0%| F|  |TAMS 0x0000000708400000, 0x0000000708400000| Untracked 
|  59|0x0000000708600000, 0x0000000708600000, 0x0000000708800000|  0%| F|  |TAMS 0x0000000708600000, 0x0000000708600000| Untracked 
|  60|0x0000000708800000, 0x0000000708800000, 0x0000000708a00000|  0%| F|  |TAMS 0x0000000708800000, 0x0000000708800000| Untracked 
|  61|0x0000000708a00000, 0x0000000708a00000, 0x0000000708c00000|  0%| F|  |TAMS 0x0000000708a00000, 0x0000000708a00000| Untracked 
|  62|0x0000000708c00000, 0x0000000708c00000, 0x0000000708e00000|  0%| F|  |TAMS 0x0000000708c00000, 0x0000000708c00000| Untracked 
|  63|0x0000000708e00000, 0x0000000708e00000, 0x0000000709000000|  0%| F|  |TAMS 0x0000000708e00000, 0x0000000708e00000| Untracked 
|  64|0x0000000709000000, 0x0000000709000000, 0x0000000709200000|  0%| F|  |TAMS 0x0000000709000000, 0x0000000709000000| Untracked 
|  65|0x0000000709200000, 0x0000000709200000, 0x0000000709400000|  0%| F|  |TAMS 0x0000000709200000, 0x0000000709200000| Untracked 
|  66|0x0000000709400000, 0x0000000709400000, 0x0000000709600000|  0%| F|  |TAMS 0x0000000709400000, 0x0000000709400000| Untracked 
|  67|0x0000000709600000, 0x0000000709600000, 0x0000000709800000|  0%| F|  |TAMS 0x0000000709600000, 0x0000000709600000| Untracked 
|  68|0x0000000709800000, 0x0000000709800000, 0x0000000709a00000|  0%| F|  |TAMS 0x0000000709800000, 0x0000000709800000| Untracked 
|  69|0x0000000709a00000, 0x0000000709a00000, 0x0000000709c00000|  0%| F|  |TAMS 0x0000000709a00000, 0x0000000709a00000| Untracked 
|  70|0x0000000709c00000, 0x0000000709c00000, 0x0000000709e00000|  0%| F|  |TAMS 0x0000000709c00000, 0x0000000709c00000| Untracked 
|  71|0x0000000709e00000, 0x0000000709e00000, 0x000000070a000000|  0%| F|  |TAMS 0x0000000709e00000, 0x0000000709e00000| Untracked 
|  72|0x000000070a000000, 0x000000070a000000, 0x000000070a200000|  0%| F|  |TAMS 0x000000070a000000, 0x000000070a000000| Untracked 
|  73|0x000000070a200000, 0x000000070a200000, 0x000000070a400000|  0%| F|  |TAMS 0x000000070a200000, 0x000000070a200000| Untracked 
|  74|0x000000070a400000, 0x000000070a400000, 0x000000070a600000|  0%| F|  |TAMS 0x000000070a400000, 0x000000070a400000| Untracked 
|  75|0x000000070a600000, 0x000000070a600000, 0x000000070a800000|  0%| F|  |TAMS 0x000000070a600000, 0x000000070a600000| Untracked 
|  76|0x000000070a800000, 0x000000070a800000, 0x000000070aa00000|  0%| F|  |TAMS 0x000000070a800000, 0x000000070a800000| Untracked 
|  77|0x000000070aa00000, 0x000000070aa00000, 0x000000070ac00000|  0%| F|  |TAMS 0x000000070aa00000, 0x000000070aa00000| Untracked 
|  78|0x000000070ac00000, 0x000000070ac00000, 0x000000070ae00000|  0%| F|  |TAMS 0x000000070ac00000, 0x000000070ac00000| Untracked 
|  79|0x000000070ae00000, 0x000000070ae00000, 0x000000070b000000|  0%| F|  |TAMS 0x000000070ae00000, 0x000000070ae00000| Untracked 
|  80|0x000000070b000000, 0x000000070b000000, 0x000000070b200000|  0%| F|  |TAMS 0x000000070b000000, 0x000000070b000000| Untracked 
|  81|0x000000070b200000, 0x000000070b200000, 0x000000070b400000|  0%| F|  |TAMS 0x000000070b200000, 0x000000070b200000| Untracked 
|  82|0x000000070b400000, 0x000000070b400000, 0x000000070b600000|  0%| F|  |TAMS 0x000000070b400000, 0x000000070b400000| Untracked 
|  83|0x000000070b600000, 0x000000070b600000, 0x000000070b800000|  0%| F|  |TAMS 0x000000070b600000, 0x000000070b600000| Untracked 
|  84|0x000000070b800000, 0x000000070b800000, 0x000000070ba00000|  0%| F|  |TAMS 0x000000070b800000, 0x000000070b800000| Untracked 
|  85|0x000000070ba00000, 0x000000070ba00000, 0x000000070bc00000|  0%| F|  |TAMS 0x000000070ba00000, 0x000000070ba00000| Untracked 
|  86|0x000000070bc00000, 0x000000070bc00000, 0x000000070be00000|  0%| F|  |TAMS 0x000000070bc00000, 0x000000070bc00000| Untracked 
|  87|0x000000070be00000, 0x000000070be00000, 0x000000070c000000|  0%| F|  |TAMS 0x000000070be00000, 0x000000070be00000| Untracked 
|  88|0x000000070c000000, 0x000000070c000000, 0x000000070c200000|  0%| F|  |TAMS 0x000000070c000000, 0x000000070c000000| Untracked 
|  89|0x000000070c200000, 0x000000070c200000, 0x000000070c400000|  0%| F|  |TAMS 0x000000070c200000, 0x000000070c200000| Untracked 
|  90|0x000000070c400000, 0x000000070c400000, 0x000000070c600000|  0%| F|  |TAMS 0x000000070c400000, 0x000000070c400000| Untracked 
|  91|0x000000070c600000, 0x000000070c600000, 0x000000070c800000|  0%| F|  |TAMS 0x000000070c600000, 0x000000070c600000| Untracked 
|  92|0x000000070c800000, 0x000000070c800000, 0x000000070ca00000|  0%| F|  |TAMS 0x000000070c800000, 0x000000070c800000| Untracked 
|  93|0x000000070ca00000, 0x000000070ca00000, 0x000000070cc00000|  0%| F|  |TAMS 0x000000070ca00000, 0x000000070ca00000| Untracked 
|  94|0x000000070cc00000, 0x000000070cc00000, 0x000000070ce00000|  0%| F|  |TAMS 0x000000070cc00000, 0x000000070cc00000| Untracked 
|  95|0x000000070ce00000, 0x000000070ce00000, 0x000000070d000000|  0%| F|  |TAMS 0x000000070ce00000, 0x000000070ce00000| Untracked 
|  96|0x000000070d000000, 0x000000070d000000, 0x000000070d200000|  0%| F|  |TAMS 0x000000070d000000, 0x000000070d000000| Untracked 
|  97|0x000000070d200000, 0x000000070d200000, 0x000000070d400000|  0%| F|  |TAMS 0x000000070d200000, 0x000000070d200000| Untracked 
|  98|0x000000070d400000, 0x000000070d400000, 0x000000070d600000|  0%| F|  |TAMS 0x000000070d400000, 0x000000070d400000| Untracked 
|  99|0x000000070d600000, 0x000000070d600000, 0x000000070d800000|  0%| F|  |TAMS 0x000000070d600000, 0x000000070d600000| Untracked 
| 100|0x000000070d800000, 0x000000070d800000, 0x000000070da00000|  0%| F|  |TAMS 0x000000070d800000, 0x000000070d800000| Untracked 
| 101|0x000000070da00000, 0x000000070da00000, 0x000000070dc00000|  0%| F|  |TAMS 0x000000070da00000, 0x000000070da00000| Untracked 
| 102|0x000000070dc00000, 0x000000070dc00000, 0x000000070de00000|  0%| F|  |TAMS 0x000000070dc00000, 0x000000070dc00000| Untracked 
| 103|0x000000070de00000, 0x000000070de00000, 0x000000070e000000|  0%| F|  |TAMS 0x000000070de00000, 0x000000070de00000| Untracked 
| 104|0x000000070e000000, 0x000000070e000000, 0x000000070e200000|  0%| F|  |TAMS 0x000000070e000000, 0x000000070e000000| Untracked 
| 105|0x000000070e200000, 0x000000070e200000, 0x000000070e400000|  0%| F|  |TAMS 0x000000070e200000, 0x000000070e200000| Untracked 
| 106|0x000000070e400000, 0x000000070e400000, 0x000000070e600000|  0%| F|  |TAMS 0x000000070e400000, 0x000000070e400000| Untracked 
| 107|0x000000070e600000, 0x000000070e600000, 0x000000070e800000|  0%| F|  |TAMS 0x000000070e600000, 0x000000070e600000| Untracked 
| 108|0x000000070e800000, 0x000000070e800000, 0x000000070ea00000|  0%| F|  |TAMS 0x000000070e800000, 0x000000070e800000| Untracked 
| 109|0x000000070ea00000, 0x000000070ea00000, 0x000000070ec00000|  0%| F|  |TAMS 0x000000070ea00000, 0x000000070ea00000| Untracked 
| 110|0x000000070ec00000, 0x000000070ec00000, 0x000000070ee00000|  0%| F|  |TAMS 0x000000070ec00000, 0x000000070ec00000| Untracked 
| 111|0x000000070ee00000, 0x000000070ee00000, 0x000000070f000000|  0%| F|  |TAMS 0x000000070ee00000, 0x000000070ee00000| Untracked 
| 112|0x000000070f000000, 0x000000070f000000, 0x000000070f200000|  0%| F|  |TAMS 0x000000070f000000, 0x000000070f000000| Untracked 
| 113|0x000000070f200000, 0x000000070f200000, 0x000000070f400000|  0%| F|  |TAMS 0x000000070f200000, 0x000000070f200000| Untracked 
| 114|0x000000070f400000, 0x000000070f400000, 0x000000070f600000|  0%| F|  |TAMS 0x000000070f400000, 0x000000070f400000| Untracked 
| 115|0x000000070f600000, 0x000000070f600000, 0x000000070f800000|  0%| F|  |TAMS 0x000000070f600000, 0x000000070f600000| Untracked 
| 116|0x000000070f800000, 0x000000070f800000, 0x000000070fa00000|  0%| F|  |TAMS 0x000000070f800000, 0x000000070f800000| Untracked 
| 117|0x000000070fa00000, 0x000000070fa00000, 0x000000070fc00000|  0%| F|  |TAMS 0x000000070fa00000, 0x000000070fa00000| Untracked 
| 118|0x000000070fc00000, 0x000000070fc00000, 0x000000070fe00000|  0%| F|  |TAMS 0x000000070fc00000, 0x000000070fc00000| Untracked 
| 119|0x000000070fe00000, 0x000000070fe00000, 0x0000000710000000|  0%| F|  |TAMS 0x000000070fe00000, 0x000000070fe00000| Untracked 
| 120|0x0000000710000000, 0x0000000710000000, 0x0000000710200000|  0%| F|  |TAMS 0x0000000710000000, 0x0000000710000000| Untracked 
| 121|0x0000000710200000, 0x0000000710200000, 0x0000000710400000|  0%| F|  |TAMS 0x0000000710200000, 0x0000000710200000| Untracked 
| 122|0x0000000710400000, 0x0000000710400000, 0x0000000710600000|  0%| F|  |TAMS 0x0000000710400000, 0x0000000710400000| Untracked 
| 123|0x0000000710600000, 0x00000007107e4ef0, 0x0000000710800000| 94%| E|  |TAMS 0x0000000710600000, 0x0000000710600000| Complete 
| 124|0x0000000710800000, 0x0000000710a00000, 0x0000000710a00000|100%| E|CS|TAMS 0x0000000710800000, 0x0000000710800000| Complete 
| 125|0x0000000710a00000, 0x0000000710c00000, 0x0000000710c00000|100%| E|CS|TAMS 0x0000000710a00000, 0x0000000710a00000| Complete 
| 126|0x0000000710c00000, 0x0000000710e00000, 0x0000000710e00000|100%| E|CS|TAMS 0x0000000710c00000, 0x0000000710c00000| Complete 
| 127|0x0000000710e00000, 0x0000000711000000, 0x0000000711000000|100%| E|CS|TAMS 0x0000000710e00000, 0x0000000710e00000| Complete 

Card table byte_map: [0x000001661ae00000,0x000001661b600000] _byte_map_base: 0x00000166175f8000

Marking Bits (Prev, Next): (CMBitMap*) 0x00000166038a5680, (CMBitMap*) 0x00000166038a56c0
 Prev Bits: [0x000001661be00000, 0x000001661fdc0000)
 Next Bits: [0x000001661fdc0000, 0x0000016623d80000)

Polling page: 0x00000166019f0000

Metaspace:

Usage:
  Non-class:      3.27 MB used.
      Class:    188.48 KB used.
       Both:      3.46 MB used.

Virtual space:
  Non-class space:        8.00 MB reserved,       3.38 MB ( 42%) committed,  1 nodes.
      Class space:        1.00 GB reserved,     256.00 KB ( <1%) committed,  1 nodes.
             Both:        1.01 GB reserved,       3.62 MB ( <1%) committed. 

Chunk freelists:
   Non-Class:  1.87 MB
       Class:  3.63 MB
        Both:  5.50 MB

MaxMetaspaceSize: unlimited
CompressedClassSpaceSize: 1.00 GB
Initial GC threshold: 21.00 MB
Current GC threshold: 21.00 MB
CDS: on
MetaspaceReclaimPolicy: balanced
 - commit_granule_bytes: 65536.
 - commit_granule_words: 8192.
 - virtual_space_node_default_size: 1048576.
 - enlarge_chunks_in_place: 1.
 - new_chunks_are_fully_committed: 0.
 - uncommit_free_chunks: 1.
 - use_allocation_guard: 0.
 - handle_deallocations: 1.


Internal statistics:

num_allocs_failed_limit: 0.
num_arena_births: 88.
num_arena_deaths: 0.
num_vsnodes_births: 2.
num_vsnodes_deaths: 0.
num_space_committed: 56.
num_space_uncommitted: 0.
num_chunks_returned_to_freelist: 0.
num_chunks_taken_from_freelist: 182.
num_chunk_merges: 0.
num_chunk_splits: 123.
num_chunks_enlarged: 86.
num_purges: 0.
num_inconsistent_stats: 0.

CodeHeap 'non-profiled nmethods': size=120000Kb used=207Kb max_used=207Kb free=119792Kb
 bounds [0x0000016612b70000, 0x0000016612de0000, 0x000001661a0a0000]
CodeHeap 'profiled nmethods': size=120000Kb used=1064Kb max_used=1064Kb free=118935Kb
 bounds [0x000001660b640000, 0x000001660b8b0000, 0x0000016612b70000]
CodeHeap 'non-nmethods': size=5760Kb used=1546Kb max_used=1555Kb free=4213Kb
 bounds [0x000001660b0a0000, 0x000001660b310000, 0x000001660b640000]
 total_blobs=1634 nmethods=674 adapters=873
 compilation: enabled
              stopped_count=0, restarted_count=0
 full_count=0

Compilation events (20 events):
Event: 0.721 Thread 0x0000016626a06f00 nmethod 658 0x000001660b746510 code [0x000001660b7466a0, 0x000001660b7467d8]
Event: 0.721 Thread 0x0000016626a06f00  660       3       java.lang.invoke.MethodType::insertParameterTypes (121 bytes)
Event: 0.721 Thread 0x0000016626a01f30 nmethod 657 0x0000016612ba2890 code [0x0000016612ba2a00, 0x0000016612ba2ab8]
Event: 0.721 Thread 0x0000016626a06f00 nmethod 660 0x000001660b746890 code [0x000001660b746b60, 0x000001660b747968]
Event: 0.721 Thread 0x0000016626a06f00  663       3       java.lang.invoke.LambdaForm$BasicType::basicTypeSlots (8 bytes)
Event: 0.721 Thread 0x0000016626a06f00 nmethod 663 0x000001660b747e90 code [0x000001660b748020, 0x000001660b748198]
Event: 0.721 Thread 0x0000016626a06f00  665       3       jdk.internal.misc.Unsafe::ensureClassInitialized (18 bytes)
Event: 0.721 Thread 0x0000016626a06f00 nmethod 665 0x000001660b748290 code [0x000001660b748440, 0x000001660b748678]
Event: 0.721 Thread 0x0000016626a06f00  664       3       sun.invoke.util.Wrapper::stackSlots (9 bytes)
Event: 0.721 Thread 0x0000016626a06f00 nmethod 664 0x000001660b748790 code [0x000001660b748920, 0x000001660b748a38]
Event: 0.721 Thread 0x0000016626a06f00  670       3       sun.invoke.util.BytecodeDescriptor::unparseSig (49 bytes)
Event: 0.722 Thread 0x0000016626a06f00 nmethod 670 0x000001660b748b10 code [0x000001660b748d40, 0x000001660b749268]
Event: 0.722 Thread 0x0000016626a06f00  667       3       java.lang.invoke.MemberName::<init> (50 bytes)
Event: 0.722 Thread 0x0000016626a06f00 nmethod 667 0x000001660b749490 code [0x000001660b749660, 0x000001660b749978]
Event: 0.722 Thread 0x0000016626a06f00  671       1       core.WindowManager::getThisWindow (5 bytes)
Event: 0.722 Thread 0x0000016626a06f00 nmethod 671 0x0000016612ba3c90 code [0x0000016612ba3e20, 0x0000016612ba3ef8]
Event: 0.722 Thread 0x0000016626a06f00  672       3       core.WindowManager::getWindow (4 bytes)
Event: 0.722 Thread 0x0000016626a06f00 nmethod 672 0x000001660b749b10 code [0x000001660b749ca0, 0x000001660b749d98]
Event: 0.722 Thread 0x0000016626a06f00  674       3       input.keyboard::keyDown (20 bytes)
Event: 0.722 Thread 0x0000016626a06f00 nmethod 674 0x000001660b749e10 code [0x000001660b749fc0, 0x000001660b74a1c8]

GC Heap History (0 events):
No events

Deoptimization events (14 events):
Event: 0.115 Thread 0x0000016603854310 DEOPT PACKING pc=0x000001660b6572e7 sp=0x00000001006f9760
Event: 0.115 Thread 0x0000016603854310 DEOPT UNPACKING pc=0x000001660b0f2b43 sp=0x00000001006f8b80 mode 0
Event: 0.141 Thread 0x0000016603854310 Uncommon trap: trap_request=0xffffff45 fr.pc=0x0000016612b864e4 relative=0x0000000000000064
Event: 0.141 Thread 0x0000016603854310 Uncommon trap: reason=unstable_if action=reinterpret pc=0x0000016612b864e4 method=java.io.WinNTFileSystem.isSlash(C)Z @ 9 c2
Event: 0.141 Thread 0x0000016603854310 DEOPT PACKING pc=0x0000016612b864e4 sp=0x00000001006fbd60
Event: 0.141 Thread 0x0000016603854310 DEOPT UNPACKING pc=0x000001660b0f23a3 sp=0x00000001006fbce8 mode 2
Event: 0.647 Thread 0x0000016603854310 Uncommon trap: trap_request=0xffffff54 fr.pc=0x0000016612b99a60 relative=0x0000000000000060
Event: 0.647 Thread 0x0000016603854310 Uncommon trap: reason=speculate_null_assert action=make_not_entrant pc=0x0000016612b99a60 method=sun.misc.Unsafe.putLong(Ljava/lang/Object;JJ)V @ 7 c2
Event: 0.647 Thread 0x0000016603854310 DEOPT PACKING pc=0x0000016612b99a60 sp=0x00000001006ff2b0
Event: 0.647 Thread 0x0000016603854310 DEOPT UNPACKING pc=0x000001660b0f23a3 sp=0x00000001006ff228 mode 2
Event: 0.648 Thread 0x0000016603854310 Uncommon trap: trap_request=0xffffff54 fr.pc=0x0000016612b9a35c relative=0x000000000000005c
Event: 0.648 Thread 0x0000016603854310 Uncommon trap: reason=speculate_null_assert action=make_not_entrant pc=0x0000016612b9a35c method=sun.misc.Unsafe.getLong(Ljava/lang/Object;J)J @ 5 c2
Event: 0.648 Thread 0x0000016603854310 DEOPT PACKING pc=0x0000016612b9a35c sp=0x00000001006ff3c0
Event: 0.648 Thread 0x0000016603854310 DEOPT UNPACKING pc=0x000001660b0f23a3 sp=0x00000001006ff348 mode 2

Classes unloaded (0 events):
No events

Classes redefined (0 events):
No events

Internal exceptions (20 events):
Event: 0.111 Thread 0x0000016603854310 Exception <a 'java/lang/NoSuchMethodError'{0x0000000710dee9a0}: 'void java.lang.invoke.DirectMethodHandle$Holder.invokeStatic(java.lang.Object, java.lang.Object)'> (0x0000000710dee9a0) 
thrown [t:\workspace\open\src\hotspot\share\interpreter\linkResolver.cpp, line 766]
Event: 0.112 Thread 0x0000016603854310 Exception <a 'java/lang/NoSuchMethodError'{0x0000000710df41e8}: 'void java.lang.invoke.DirectMethodHandle$Holder.invokeSpecial(java.lang.Object, java.lang.Object, java.lang.Object)'> (0x0000000710df41e8) 
thrown [t:\workspace\open\src\hotspot\share\interpreter\linkResolver.cpp, line 766]
Event: 0.114 Thread 0x0000016603854310 Exception <a 'java/lang/NoSuchMethodError'{0x0000000710a07a00}: 'java.lang.Object java.lang.invoke.DirectMethodHandle$Holder.invokeStatic(java.lang.Object, java.lang.Object, int)'> (0x0000000710a07a00) 
thrown [t:\workspace\open\src\hotspot\share\interpreter\linkResolver.cpp, line 766]
Event: 0.115 Thread 0x0000016603854310 Exception <a 'java/lang/NoSuchMethodError'{0x0000000710a13770}: 'void java.lang.invoke.DelegatingMethodHandle$Holder.delegate(java.lang.Object, java.lang.Object, int, java.lang.Object)'> (0x0000000710a13770) 
thrown [t:\workspace\open\src\hotspot\share\interpreter\linkResolver.cpp, line 766]
Event: 0.116 Thread 0x0000016603854310 Exception <a 'java/lang/NoSuchMethodError'{0x0000000710a179b0}: 'int java.lang.invoke.DirectMethodHandle$Holder.invokeSpecial(java.lang.Object, java.lang.Object, java.lang.Object)'> (0x0000000710a179b0) 
thrown [t:\workspace\open\src\hotspot\share\interpreter\linkResolver.cpp, line 766]
Event: 0.147 Thread 0x0000016603854310 Exception <a 'sun/nio/fs/WindowsException'{0x0000000710abd938}> (0x0000000710abd938) 
thrown [t:\workspace\open\src\hotspot\share\prims\jni.cpp, line 516]
Event: 0.147 Thread 0x0000016603854310 Exception <a 'sun/nio/fs/WindowsException'{0x0000000710abde98}> (0x0000000710abde98) 
thrown [t:\workspace\open\src\hotspot\share\prims\jni.cpp, line 516]
Event: 0.156 Thread 0x0000016603854310 Exception <a 'java/lang/NoSuchMethodError'{0x0000000710afade0}: 'int java.lang.invoke.DirectMethodHandle$Holder.invokeStaticInit(java.lang.Object, java.lang.Object, int, long)'> (0x0000000710afade0) 
thrown [t:\workspace\open\src\hotspot\share\interpreter\linkResolver.cpp, line 766]
Event: 0.157 Thread 0x0000016603854310 Exception <a 'java/lang/NoSuchMethodError'{0x0000000710b006a8}: 'java.lang.Object java.lang.invoke.DirectMethodHandle$Holder.newInvokeSpecial(java.lang.Object, java.lang.Object, int)'> (0x0000000710b006a8) 
thrown [t:\workspace\open\src\hotspot\share\interpreter\linkResolver.cpp, line 766]
Event: 0.159 Thread 0x0000016603854310 Exception <a 'java/lang/NoSuchMethodError'{0x0000000710b11470}: 'int java.lang.invoke.DirectMethodHandle$Holder.invokeStaticInit(java.lang.Object, java.lang.Object, long, long)'> (0x0000000710b11470) 
thrown [t:\workspace\open\src\hotspot\share\interpreter\linkResolver.cpp, line 766]
Event: 0.159 Thread 0x0000016603854310 Exception <a 'java/lang/NoSuchMethodError'{0x0000000710b17580}: 'java.lang.Object java.lang.invoke.DirectMethodHandle$Holder.newInvokeSpecial(java.lang.Object, java.lang.Object, long)'> (0x0000000710b17580) 
thrown [t:\workspace\open\src\hotspot\share\interpreter\linkResolver.cpp, line 766]
Event: 0.160 Thread 0x0000016603854310 Exception <a 'java/lang/NoSuchMethodError'{0x0000000710b1b5c8}: 'java.lang.Object java.lang.invoke.Invokers$Holder.linkToTargetMethod(java.lang.Object, long, java.lang.Object)'> (0x0000000710b1b5c8) 
thrown [t:\workspace\open\src\hotspot\share\interpreter\linkResolver.cpp, line 766]
Event: 0.160 Thread 0x0000016603854310 Exception <a 'java/lang/NoSuchMethodError'{0x0000000710b22ce0}: 'int java.lang.invoke.DirectMethodHandle$Holder.invokeStaticInit(java.lang.Object, java.lang.Object, java.lang.Object, long)'> (0x0000000710b22ce0) 
thrown [t:\workspace\open\src\hotspot\share\interpreter\linkResolver.cpp, line 766]
Event: 0.179 Thread 0x0000016603854310 Exception <a 'sun/nio/fs/WindowsException'{0x0000000710bf7cb8}> (0x0000000710bf7cb8) 
thrown [t:\workspace\open\src\hotspot\share\prims\jni.cpp, line 516]
Event: 0.179 Thread 0x0000016603854310 Exception <a 'sun/nio/fs/WindowsException'{0x0000000710bf8030}> (0x0000000710bf8030) 
thrown [t:\workspace\open\src\hotspot\share\prims\jni.cpp, line 516]
Event: 0.626 Thread 0x0000016603854310 Exception <a 'sun/nio/fs/WindowsException'{0x0000000710894c18}> (0x0000000710894c18) 
thrown [t:\workspace\open\src\hotspot\share\prims\jni.cpp, line 516]
Event: 0.626 Thread 0x0000016603854310 Exception <a 'sun/nio/fs/WindowsException'{0x0000000710894fc8}> (0x0000000710894fc8) 
thrown [t:\workspace\open\src\hotspot\share\prims\jni.cpp, line 516]
Event: 0.628 Thread 0x0000016603854310 Exception <a 'sun/nio/fs/WindowsException'{0x000000071089da40}> (0x000000071089da40) 
thrown [t:\workspace\open\src\hotspot\share\prims\jni.cpp, line 516]
Event: 0.629 Thread 0x0000016603854310 Exception <a 'sun/nio/fs/WindowsException'{0x000000071089dd30}> (0x000000071089dd30) 
thrown [t:\workspace\open\src\hotspot\share\prims\jni.cpp, line 516]
Event: 0.721 Thread 0x0000016603854310 Exception <a 'java/lang/NoSuchMethodError'{0x00000007107b69f0}: 'java.lang.Object java.lang.invoke.DirectMethodHandle$Holder.invokeSpecial(java.lang.Object, java.lang.Object, double, double)'> (0x00000007107b69f0) 
thrown [t:\workspace\open\src\hotspot\share\interpreter\linkResolver.cpp, line 766]

VM Operations (4 events):
Event: 0.063 Executing VM operation: HandshakeAllThreads
Event: 0.063 Executing VM operation: HandshakeAllThreads done
Event: 0.141 Executing VM operation: HandshakeAllThreads
Event: 0.141 Executing VM operation: HandshakeAllThreads done

Events (20 events):
Event: 0.179 loading class java/lang/NoSuchFieldError
Event: 0.179 loading class java/lang/NoSuchFieldError done
Event: 0.183 loading class jdk/internal/reflect/UnsafeQualifiedStaticIntegerFieldAccessorImpl
Event: 0.183 loading class jdk/internal/reflect/UnsafeQualifiedStaticIntegerFieldAccessorImpl done
Event: 0.627 Loaded shared library C:\Users\RedFox\AppData\Local\Temp\lwjglRedFox\3.3.1-build-7\lwjgl_opengl.dll
Event: 0.630 Thread 0x0000016627ec8b70 Thread added: 0x0000016627ec8b70
Event: 0.633 loading class jdk/internal/module/ModulePatcher$PatchedModuleReader
Event: 0.633 loading class jdk/internal/module/ModulePatcher$PatchedModuleReader done
Event: 0.634 loading class sun/net/www/protocol/jrt/Handler
Event: 0.634 loading class sun/net/www/protocol/jrt/Handler done
Event: 0.637 loading class sun/util/resources/LocaleData$CommonResourceBundleProvider
Event: 0.637 loading class sun/util/resources/LocaleData$LocaleDataResourceBundleProvider
Event: 0.637 loading class java/util/spi/ResourceBundleProvider
Event: 0.637 loading class java/util/spi/ResourceBundleProvider done
Event: 0.637 loading class sun/util/resources/LocaleData$LocaleDataResourceBundleProvider done
Event: 0.637 loading class sun/util/resources/LocaleData$CommonResourceBundleProvider done
Event: 0.638 loading class sun/util/resources/Bundles$2
Event: 0.638 loading class sun/util/resources/Bundles$2 done
Event: 0.647 loading class jdk/internal/misc/ScopedMemoryAccess$Scope
Event: 0.647 loading class jdk/internal/misc/ScopedMemoryAccess$Scope done


Dynamic libraries:
0x00007ff6438e0000 - 0x00007ff6438ee000 	C:\Users\RedFox\.jdks\openjdk-17.0.2\bin\java.exe
0x00007ffdbcd70000 - 0x00007ffdbcf65000 	C:\WINDOWS\SYSTEM32\ntdll.dll
0x00007ffdbc3f0000 - 0x00007ffdbc4ae000 	C:\WINDOWS\System32\KERNEL32.DLL
0x00007ffdba9a0000 - 0x00007ffdbac68000 	C:\WINDOWS\System32\KERNELBASE.dll
0x00007ffdba4c0000 - 0x00007ffdba5c0000 	C:\WINDOWS\System32\ucrtbase.dll
0x00007ffdb10b0000 - 0x00007ffdb10c8000 	C:\Users\RedFox\.jdks\openjdk-17.0.2\bin\jli.dll
0x00007ffdb09d0000 - 0x00007ffdb09ea000 	C:\Users\RedFox\.jdks\openjdk-17.0.2\bin\VCRUNTIME140.dll
0x00007ffdbb8b0000 - 0x00007ffdbba50000 	C:\WINDOWS\System32\USER32.dll
0x00007ffdba8e0000 - 0x00007ffdba902000 	C:\WINDOWS\System32\win32u.dll
0x00007ffda8970000 - 0x00007ffda8c0a000 	C:\WINDOWS\WinSxS\amd64_microsoft.windows.common-controls_6595b64144ccf1df_6.0.19041.1110_none_60b5254171f9507e\COMCTL32.dll
0x00007ffdbb580000 - 0x00007ffdbb5ab000 	C:\WINDOWS\System32\GDI32.dll
0x00007ffdbc4b0000 - 0x00007ffdbc54e000 	C:\WINDOWS\System32\msvcrt.dll
0x00007ffdba660000 - 0x00007ffdba76b000 	C:\WINDOWS\System32\gdi32full.dll
0x00007ffdba5c0000 - 0x00007ffdba65d000 	C:\WINDOWS\System32\msvcp_win.dll
0x00007ffdbb7b0000 - 0x00007ffdbb7e0000 	C:\WINDOWS\System32\IMM32.DLL
0x00007ffdb63d0000 - 0x00007ffdb63dc000 	C:\Users\RedFox\.jdks\openjdk-17.0.2\bin\vcruntime140_1.dll
0x00007ffd99a70000 - 0x00007ffd99afd000 	C:\Users\RedFox\.jdks\openjdk-17.0.2\bin\msvcp140.dll
0x00007ffd65650000 - 0x00007ffd66211000 	C:\Users\RedFox\.jdks\openjdk-17.0.2\bin\server\jvm.dll
0x00007ffdbbfe0000 - 0x00007ffdbc08e000 	C:\WINDOWS\System32\ADVAPI32.dll
0x00007ffdbc350000 - 0x00007ffdbc3ec000 	C:\WINDOWS\System32\sechost.dll
0x00007ffdbc1b0000 - 0x00007ffdbc2d5000 	C:\WINDOWS\System32\RPCRT4.dll
0x00007ffdbcd20000 - 0x00007ffdbcd28000 	C:\WINDOWS\System32\PSAPI.DLL
0x00007ffdb0de0000 - 0x00007ffdb0de9000 	C:\WINDOWS\SYSTEM32\WSOCK32.dll
0x00007ffdaca90000 - 0x00007ffdacab7000 	C:\WINDOWS\SYSTEM32\WINMM.dll
0x00007ffdbc2e0000 - 0x00007ffdbc34b000 	C:\WINDOWS\System32\WS2_32.dll
0x00007ffdb46e0000 - 0x00007ffdb46ea000 	C:\WINDOWS\SYSTEM32\VERSION.dll
0x00007ffdb83c0000 - 0x00007ffdb83d2000 	C:\WINDOWS\SYSTEM32\kernel.appcore.dll
0x00007ffdb6370000 - 0x00007ffdb637a000 	C:\Users\RedFox\.jdks\openjdk-17.0.2\bin\jimage.dll
0x00007ffdaa780000 - 0x00007ffdaa964000 	C:\WINDOWS\SYSTEM32\DBGHELP.DLL
0x00007ffda3bd0000 - 0x00007ffda3bfc000 	C:\WINDOWS\SYSTEM32\dbgcore.DLL
0x00007ffdba910000 - 0x00007ffdba992000 	C:\WINDOWS\System32\bcryptPrimitives.dll
0x00007ffd9a4b0000 - 0x00007ffd9a4d5000 	C:\Users\RedFox\.jdks\openjdk-17.0.2\bin\java.dll
0x00007ffd98170000 - 0x00007ffd98246000 	C:\Users\RedFox\.jdks\openjdk-17.0.2\bin\jsvml.dll
0x00007ffdbadd0000 - 0x00007ffdbb514000 	C:\WINDOWS\System32\SHELL32.dll
0x00007ffdb85c0000 - 0x00007ffdb8d54000 	C:\WINDOWS\SYSTEM32\windows.storage.dll
0x00007ffdbc810000 - 0x00007ffdbcb64000 	C:\WINDOWS\System32\combase.dll
0x00007ffdb9ef0000 - 0x00007ffdb9f1c000 	C:\WINDOWS\SYSTEM32\Wldp.dll
0x00007ffdbba50000 - 0x00007ffdbbafd000 	C:\WINDOWS\System32\SHCORE.dll
0x00007ffdbbf70000 - 0x00007ffdbbfc5000 	C:\WINDOWS\System32\shlwapi.dll
0x00007ffdba3d0000 - 0x00007ffdba3ef000 	C:\WINDOWS\SYSTEM32\profapi.dll
0x00007ffdb09b0000 - 0x00007ffdb09c9000 	C:\Users\RedFox\.jdks\openjdk-17.0.2\bin\net.dll
0x00007ffdb06c0000 - 0x00007ffdb07c9000 	C:\WINDOWS\SYSTEM32\WINHTTP.dll
0x00007ffdb9c00000 - 0x00007ffdb9c6a000 	C:\WINDOWS\system32\mswsock.dll
0x00007ffd99a50000 - 0x00007ffd99a66000 	C:\Users\RedFox\.jdks\openjdk-17.0.2\bin\nio.dll
0x00007ffd99a30000 - 0x00007ffd99a48000 	C:\Users\RedFox\.jdks\openjdk-17.0.2\bin\zip.dll
0x00007ffd81d40000 - 0x00007ffd81db5000 	C:\Users\RedFox\AppData\Local\Temp\lwjglRedFox\3.3.1-build-7\lwjgl.dll
0x00007ffd81cd0000 - 0x00007ffd81d31000 	C:\Users\RedFox\AppData\Local\Temp\lwjglRedFox\3.3.1-build-7\glfw.dll
0x00007ffdb1120000 - 0x00007ffdb1165000 	C:\WINDOWS\SYSTEM32\dinput8.dll
0x00007ffda45e0000 - 0x00007ffda45f1000 	C:\WINDOWS\SYSTEM32\xinput1_4.dll
0x00007ffdba890000 - 0x00007ffdba8de000 	C:\WINDOWS\System32\cfgmgr32.dll
0x00007ffdba230000 - 0x00007ffdba263000 	C:\WINDOWS\SYSTEM32\DEVOBJ.dll
0x00007ffdb80d0000 - 0x00007ffdb80ff000 	C:\WINDOWS\SYSTEM32\dwmapi.dll
0x00007ffd9e890000 - 0x00007ffd9e9e2000 	C:\WINDOWS\SYSTEM32\inputhost.dll
0x00007ffdbb7e0000 - 0x00007ffdbb8ad000 	C:\WINDOWS\System32\OLEAUT32.dll
0x00007ffdb7090000 - 0x00007ffdb71e4000 	C:\WINDOWS\SYSTEM32\wintypes.dll
0x00007ffdb7b00000 - 0x00007ffdb7bf2000 	C:\WINDOWS\SYSTEM32\CoreMessaging.dll
0x00007ffdb4d20000 - 0x00007ffdb4e16000 	C:\WINDOWS\SYSTEM32\PROPSYS.dll
0x00007ffdb77a0000 - 0x00007ffdb7afe000 	C:\WINDOWS\SYSTEM32\CoreUIComponents.dll
0x00007ffdb9190000 - 0x00007ffdb91c3000 	C:\WINDOWS\SYSTEM32\ntmarta.dll
0x00007ffdb7ee0000 - 0x00007ffdb7f7e000 	C:\WINDOWS\system32\uxtheme.dll
0x00007ffdbc090000 - 0x00007ffdbc1a6000 	C:\WINDOWS\System32\MSCTF.dll
0x00007ffd83b10000 - 0x00007ffd83c36000 	C:\WINDOWS\SYSTEM32\opengl32.dll
0x00007ffda49d0000 - 0x00007ffda49fc000 	C:\WINDOWS\SYSTEM32\GLU32.dll
0x00007ffdbc760000 - 0x00007ffdbc809000 	C:\WINDOWS\System32\clbcatq.dll
0x00007ffd4c6b0000 - 0x00007ffd4f6d7000 	C:\WINDOWS\System32\DriverStore\FileRepository\nv_dispi.inf_amd64_31a2adf8c49e7799\nvoglv64.dll
0x00007ffdbbb00000 - 0x00007ffdbbf70000 	C:\WINDOWS\System32\SETUPAPI.dll
0x00007ffdba490000 - 0x00007ffdba4b7000 	C:\WINDOWS\System32\bcrypt.dll
0x00007ffdbcbf0000 - 0x00007ffdbcd1a000 	C:\WINDOWS\System32\ole32.dll
0x00007ffdb5b70000 - 0x00007ffdb5b84000 	C:\WINDOWS\SYSTEM32\WTSAPI32.dll
0x00007ffdb9e60000 - 0x00007ffdb9e6c000 	C:\WINDOWS\SYSTEM32\CRYPTBASE.DLL
0x00007ffdba070000 - 0x00007ffdba082000 	C:\WINDOWS\SYSTEM32\msasn1.dll
0x00007ffdb46a0000 - 0x00007ffdb46d1000 	C:\WINDOWS\SYSTEM32\cryptnet.dll
0x00007ffdbac70000 - 0x00007ffdbadc6000 	C:\WINDOWS\System32\CRYPT32.dll
0x00007ffdb31c0000 - 0x00007ffdb3308000 	C:\WINDOWS\SYSTEM32\drvstore.dll
0x00007ffdba820000 - 0x00007ffdba888000 	C:\WINDOWS\System32\WINTRUST.dll
0x00007ffdb12c0000 - 0x00007ffdb12fb000 	C:\WINDOWS\SYSTEM32\dxcore.dll
0x00007ffd8de10000 - 0x00007ffd8e0d5000 	C:\WINDOWS\system32\nvspcap64.dll
0x00007ffdb9c90000 - 0x00007ffdb9cdb000 	C:\WINDOWS\SYSTEM32\powrprof.dll
0x00007ffdb9be0000 - 0x00007ffdb9bf2000 	C:\WINDOWS\SYSTEM32\UMPDC.dll
0x00007ffdb9870000 - 0x00007ffdb98ca000 	C:\WINDOWS\SYSTEM32\WINSTA.dll
0x00007ffda7380000 - 0x00007ffda7479000 	C:\WINDOWS\SYSTEM32\textinputframework.dll
0x00007ffd81c10000 - 0x00007ffd81c6d000 	C:\Users\RedFox\AppData\Local\Temp\lwjglRedFox\3.3.1-build-7\lwjgl_opengl.dll

dbghelp: loaded successfully - version: 4.0.5 - missing functions: none
symbol engine: initialized successfully - sym options: 0x614 - pdb path: .;C:\Users\RedFox\.jdks\openjdk-17.0.2\bin;C:\WINDOWS\SYSTEM32;C:\WINDOWS\WinSxS\amd64_microsoft.windows.common-controls_6595b64144ccf1df_6.0.19041.1110_none_60b5254171f9507e;C:\Users\RedFox\.jdks\openjdk-17.0.2\bin\server;C:\Users\RedFox\AppData\Local\Temp\lwjglRedFox\3.3.1-build-7;C:\WINDOWS\System32\DriverStore\FileRepository\nv_dispi.inf_amd64_31a2adf8c49e7799

VM Arguments:
jvm_args: -Dfile.encoding=windows-1251 -Duser.country=RU -Duser.language=ru -Duser.variant 
java_command: task3.test.Main
java_class_path (initial): E:\java projects\task3\build\classes\java\main;E:\java projects\task3\build\resources\main;C:\Users\RedFox\.gradle\caches\modules-2\files-2.1\org.lwjgl\lwjgl-assimp\3.3.1-SNAPSHOT\58201164f8e9242716e0cd483b16bf23b3f46231\lwjgl-assimp-3.3.1-SNAPSHOT.jar;C:\Users\RedFox\.gradle\caches\modules-2\files-2.1\org.lwjgl\lwjgl-assimp\3.3.1-SNAPSHOT\a1604f35ce15826c759ca4e0061770311cf2d309\lwjgl-assimp-3.3.1-SNAPSHOT-natives-windows.jar;C:\Users\RedFox\.gradle\caches\modules-2\files-2.1\org.lwjgl\lwjgl-bgfx\3.3.1-SNAPSHOT\1687d74eb10a9923595e4256e9ac86ef4b1cef01\lwjgl-bgfx-3.3.1-SNAPSHOT.jar;C:\Users\RedFox\.gradle\caches\modules-2\files-2.1\org.lwjgl\lwjgl-bgfx\3.3.1-SNAPSHOT\eb6473d718f6fc7700e94b1ef184284220ddae38\lwjgl-bgfx-3.3.1-SNAPSHOT-natives-windows.jar;C:\Users\RedFox\.gradle\caches\modules-2\files-2.1\org.lwjgl\lwjgl-glfw\3.3.1-SNAPSHOT\111ce477df75ee4d5f7756b2c312c3cb48df2140\lwjgl-glfw-3.3.1-SNAPSHOT.jar;C:\Users\RedFox\.gradle\caches\modules-2\files-2.1\org.lwjgl\lwjgl-glfw\3.3.1-SNAPSHOT\7ca6c89fef4a0785a881b87ffd9969336ed5fb7f\lwjgl-glfw-3.3.1-SNAPSHOT-natives-windows.jar;C:\Users\RedFox\.gradle\caches\modules-2\files-2.1\org.lwjgl\lwjgl-nanovg\3.3.1-SNAPSHOT\58ab73bcdec00523dcfafc0484ccfdc91b51aed1\lwjgl-nanovg-3.3.1-SNAPSHOT.jar;C:\Users\RedFox\.gradle\caches\modules-2\files-2.1\org.lwjgl\lwjgl-nanovg\3.3.1-SNAPSHOT\488a4d50f8983db8cf3b5dc5f9e29850d400db6f\lwjgl-nanovg-3.3.1-SNAPSHOT-natives-windows.jar;C:\Users\RedFox\.gradle\caches\modules-2\files-2.1\org.lwjgl\lwjgl-nuklear\3.3.1-SNAPSHOT\bfee646443654482242f5ccc2d8de4aba0290472\lwjgl-nuklear-3.3.1-SNAPSHOT.jar;C:\Users\RedFox\.gradle\caches\modules-2\files-2.1\org.lwjgl\lwjgl-nuklear\3.3.1-SNAPSHOT\ad6c072255f4ba2a91eb4d3c420c8edcd9d547c9\lwjgl-nuklear-3.3.1-SNAPSHOT-natives-windows.jar;C:\Users\RedFox\.gradle\caches\modules-2\files-2.1\org.lwjgl\lwjgl-openal\3.3.1-SNAPSHOT\e079179107c7ee1297d2e0e6f8701fe889e6ec0d\lwjgl-openal-3.3.1-SNAPSHOT.jar;C:\Users\RedFox\.gradle\caches
Launcher Type: SUN_STANDARD

[Global flags]
     intx CICompilerCount                          = 4                                         {product} {ergonomic}
     uint ConcGCThreads                            = 3                                         {product} {ergonomic}
     uint G1ConcRefinementThreads                  = 10                                        {product} {ergonomic}
   size_t G1HeapRegionSize                         = 2097152                                   {product} {ergonomic}
    uintx GCDrainStackTargetSize                   = 64                                        {product} {ergonomic}
   size_t InitialHeapSize                          = 268435456                                 {product} {ergonomic}
   size_t MarkStackSize                            = 4194304                                   {product} {ergonomic}
   size_t MaxHeapSize                              = 4278190080                                {product} {ergonomic}
   size_t MaxNewSize                               = 2566914048                                {product} {ergonomic}
   size_t MinHeapDeltaBytes                        = 2097152                                   {product} {ergonomic}
   size_t MinHeapSize                              = 8388608                                   {product} {ergonomic}
    uintx NonNMethodCodeHeapSize                   = 5839372                                {pd product} {ergonomic}
    uintx NonProfiledCodeHeapSize                  = 122909434                              {pd product} {ergonomic}
    uintx ProfiledCodeHeapSize                     = 122909434                              {pd product} {ergonomic}
    uintx ReservedCodeCacheSize                    = 251658240                              {pd product} {ergonomic}
     bool SegmentedCodeCache                       = true                                      {product} {ergonomic}
   size_t SoftMaxHeapSize                          = 4278190080                             {manageable} {ergonomic}
     bool UseCompressedClassPointers               = true                           {product lp64_product} {ergonomic}
     bool UseCompressedOops                        = true                           {product lp64_product} {ergonomic}
     bool UseG1GC                                  = true                                      {product} {ergonomic}
     bool UseLargePagesIndividualAllocation        = false                                  {pd product} {ergonomic}

Logging:
Log output configuration:
 #0: stdout all=warning uptime,level,tags
 #1: stderr all=off uptime,level,tags

Environment Variables:
PATH=C:\Program Files\Common Files\Oracle\Java\javapath;C:\Program Files (x86)\Common Files\Oracle\Java\javapath;C:\ProgramData\Oracle\Java\javapath;C:\Program Files (x86)\Common Files\Intel\Shared Libraries\redist\intel64\compiler;C:\Windows\system32;C:\Windows;C:\Windows\System32\Wbem;C:\Windows\System32\WindowsPowerShell\v1.0\;C:\Windows\System32\OpenSSH\;C:\Program Files\dotnet\;E:\quick time\QTSystem\;C:\Program Files\NVIDIA Corporation\NVIDIA NvDLISR;C:\WINDOWS\system32;C:\WINDOWS;C:\WINDOWS\System32\Wbem;C:\WINDOWS\System32\WindowsPowerShell\v1.0\;C:\WINDOWS\System32\OpenSSH\;C:\Program Files (x86)\NVIDIA Corporation\PhysX\Common;C:\WINDOWS\system32;C:\WINDOWS;C:\WINDOWS\System32\Wbem;C:\WINDOWS\System32\WindowsPowerShell\v1.0\;C:\WINDOWS\System32\OpenSSH\;C:\Program Files (x86)\GtkSharp\2.12\bin;C:\Program Files\Git\cmd;C:\Program Files\MySQL\MySQL Shell 8.0\bin\;C:\Users\RedFox\AppData\Local\Microsoft\WindowsApps;E:\VS Code\Microsoft VS Code\bin;C:\Users\RedFox\AppData\Local\GitHubDesktop\bin;E:\Rider\JetBrains Rider 2021.3.3\bin;;C:\Users\RedFox\.dotnet\tools
USERNAME=RedFox
OS=Windows_NT
PROCESSOR_IDENTIFIER=AMD64 Family 23 Model 1 Stepping 1, AuthenticAMD



---------------  S Y S T E M  ---------------

OS:
 Windows 10 , 64 bit Build 19041 (10.0.19041.1566)
OS uptime: 1 days 0:19 hours

CPU: total 12 (initial active 12) (12 cores per cpu, 2 threads per core) family 23 model 1 stepping 1 microcode 0x0, cx8, cmov, fxsr, ht, mmx, 3dnowpref, sse, sse2, sse3, ssse3, sse4a, sse4.1, sse4.2, popcnt, lzcnt, tsc, tscinvbit, avx, avx2, aes, clmul, bmi1, bmi2, adx, sha, fma, vzeroupper, clflush, clflushopt

Memory: 4k page, system-wide physical 16315M (4989M free)
TotalPageFile size 27579M (AvailPageFile size 8239M)
current process WorkingSet (physical memory assigned to process): 85M, peak: 85M
current process commit charge ("private bytes"): 391M, peak: 391M

vm_info: OpenJDK 64-Bit Server VM (17.0.2+8-86) for windows-amd64 JRE (17.0.2+8-86), built on Dec  7 2021 21:49:10 by "mach5one" with MS VC++ 16.8 / 16.9 (VS2019)

END.
